<?xml version="1.0" encoding="UTF-8"?>
<!-- Generated by org.testng.reporters.JUnitXMLReporter -->
<testsuite hostname="DESKTOP-HB7JBFV" ignored="0" name="Test" tests="6" failures="1" timestamp="2023-08-09T20:57:49 IST" time="0.16" errors="0">
  <testcase name="method1" time="0.02" classname="TestngBasics.Test1"/>
  <testcase name="method2" time="0.005" classname="TestngBasics.Test1"/>
  <testcase name="method3" time="0.007" classname="TestngBasics.Test1"/>
  <testcase name="method2" time="0.012" classname="demo.dependsOnINTestNG">
    <failure type="java.lang.AssertionError" message="expected [21] but found [20]">
      <![CDATA[java.lang.AssertionError: expected [21] but found [20]
at demo.dependsOnINTestNG.method2(dependsOnINTestNG.java:15)
at java.util.ArrayList.forEach(ArrayList.java:1259)
... Removed 33 stack frames]]>
    </failure>
  </testcase> <!-- method2 -->
  <testcase name="method3" time="0.003" classname="demo.dependsOnINTestNG"/>
  <testcase name="method1" time="0.0" classname="demo.dependsOnINTestNG">
    <skipped/>
  </testcase> <!-- method1 -->
</testsuite> <!-- Test -->
